┌ Warning: Module CUDA with build ID ffffffff-ffff-ffff-0000-bb477ec32e49 is missing from the cache.
│ This may mean CUDA [052768ef-5323-5732-b1bb-66c8b64840ba] does not support precompilation but is imported by a module that does.
└ @ Base loading.jl:1948
┌ Error: Error during loading of extension AtomixCUDAExt of Atomix, use `Base.retry_load_extensions()` to retry.
│   exception =
│    1-element ExceptionStack:
│    Declaring __precompile__(false) is not allowed in files that are being precompiled.
│    Stacktrace:
│      [1] _require(pkg::Base.PkgId, env::Nothing)
│        @ Base ./loading.jl:1999
│      [2] __require_prelocked(uuidkey::Base.PkgId, env::Nothing)
│        @ Base ./loading.jl:1812
│      [3] #invoke_in_world#3
│        @ ./essentials.jl:926 [inlined]
│      [4] invoke_in_world
│        @ ./essentials.jl:923 [inlined]
│      [5] _require_prelocked
│        @ ./loading.jl:1803 [inlined]
│      [6] _require_prelocked
│        @ ./loading.jl:1802 [inlined]
│      [7] run_extension_callbacks(extid::Base.ExtensionId)
│        @ Base ./loading.jl:1295
│      [8] run_extension_callbacks(pkgid::Base.PkgId)
│        @ Base ./loading.jl:1330
│      [9] run_package_callbacks(modkey::Base.PkgId)
│        @ Base ./loading.jl:1164
│     [10] _tryrequire_from_serialized(modkey::Base.PkgId, build_id::UInt128)
│        @ Base ./loading.jl:1451
│     [11] _tryrequire_from_serialized(pkg::Base.PkgId, path::String, ocachepath::String)
│        @ Base ./loading.jl:1524
│     [12] _require(pkg::Base.PkgId, env::String)
│        @ Base ./loading.jl:1990
│     [13] __require_prelocked(uuidkey::Base.PkgId, env::String)
│        @ Base ./loading.jl:1812
│     [14] #invoke_in_world#3
│        @ ./essentials.jl:926 [inlined]
│     [15] invoke_in_world
│        @ ./essentials.jl:923 [inlined]
│     [16] _require_prelocked(uuidkey::Base.PkgId, env::String)
│        @ Base ./loading.jl:1803
│     [17] macro expansion
│        @ ./loading.jl:1790 [inlined]
│     [18] macro expansion
│        @ ./lock.jl:267 [inlined]
│     [19] __require(into::Module, mod::Symbol)
│        @ Base ./loading.jl:1753
│     [20] #invoke_in_world#3
│        @ ./essentials.jl:926 [inlined]
│     [21] invoke_in_world
│        @ ./essentials.jl:923 [inlined]
│     [22] require(into::Module, mod::Symbol)
│        @ Base ./loading.jl:1746
│     [23] include
│        @ ./Base.jl:495 [inlined]
│     [24] include_package_for_output(pkg::Base.PkgId, input::String, depot_path::Vector{String}, dl_load_path::Vector{String}, load_path::Vector{String}, concrete_deps::Vector{Pair{Base.PkgId, UInt128}}, source::Nothing)
│        @ Base ./loading.jl:2222
│     [25] top-level scope
│        @ stdin:3
│     [26] eval
│        @ ./boot.jl:385 [inlined]
│     [27] include_string(mapexpr::typeof(identity), mod::Module, code::String, filename::String)
│        @ Base ./loading.jl:2076
│     [28] include_string
│        @ ./loading.jl:2086 [inlined]
│     [29] exec_options(opts::Base.JLOptions)
│        @ Base ./client.jl:316
│     [30] _start()
│        @ Base ./client.jl:552
└ @ Base loading.jl:1301
 Downloading artifact: CUDA_Runtime
┌ Warning: Module ReactantSparseArraysExt with build ID ffffffff-ffff-ffff-0000-bb8c665f388d is missing from the cache.
│ This may mean ReactantSparseArraysExt [104e8c58-ad3d-5090-9bd6-dcbd44cb03eb] does not support precompilation but is imported by a module that does.
└ @ Base loading.jl:1948
┌ Error: Error during loading of extension ReactantSparseArraysExt of Reactant, use `Base.retry_load_extensions()` to retry.
│   exception =
│    1-element ExceptionStack:
│    Declaring __precompile__(false) is not allowed in files that are being precompiled.
│    Stacktrace:
│      [1] _require(pkg::Base.PkgId, env::Nothing)
│        @ Base ./loading.jl:1952
│      [2] __require_prelocked(uuidkey::Base.PkgId, env::Nothing)
│        @ Base ./loading.jl:1812
│      [3] #invoke_in_world#3
│        @ ./essentials.jl:926 [inlined]
│      [4] invoke_in_world
│        @ ./essentials.jl:923 [inlined]
│      [5] _require_prelocked
│        @ ./loading.jl:1803 [inlined]
│      [6] _require_prelocked
│        @ ./loading.jl:1802 [inlined]
│      [7] run_extension_callbacks(extid::Base.ExtensionId)
│        @ Base ./loading.jl:1295
│      [8] run_extension_callbacks(pkgid::Base.PkgId)
│        @ Base ./loading.jl:1330
│      [9] run_package_callbacks(modkey::Base.PkgId)
│        @ Base ./loading.jl:1164
│     [10] __require_prelocked(uuidkey::Base.PkgId, env::String)
│        @ Base ./loading.jl:1819
│     [11] #invoke_in_world#3
│        @ ./essentials.jl:926 [inlined]
│     [12] invoke_in_world
│        @ ./essentials.jl:923 [inlined]
│     [13] _require_prelocked(uuidkey::Base.PkgId, env::String)
│        @ Base ./loading.jl:1803
│     [14] macro expansion
│        @ ./loading.jl:1790 [inlined]
│     [15] macro expansion
│        @ ./lock.jl:267 [inlined]
│     [16] __require(into::Module, mod::Symbol)
│        @ Base ./loading.jl:1753
│     [17] #invoke_in_world#3
│        @ ./essentials.jl:926 [inlined]
│     [18] invoke_in_world
│        @ ./essentials.jl:923 [inlined]
│     [19] require(into::Module, mod::Symbol)
│        @ Base ./loading.jl:1746
│     [20] include
│        @ ./Base.jl:495 [inlined]
│     [21] include_package_for_output(pkg::Base.PkgId, input::String, depot_path::Vector{String}, dl_load_path::Vector{String}, load_path::Vector{String}, concrete_deps::Vector{Pair{Base.PkgId, UInt128}}, source::String)
│        @ Base ./loading.jl:2222
│     [22] top-level scope
│        @ stdin:3
│     [23] eval
│        @ ./boot.jl:385 [inlined]
│     [24] include_string(mapexpr::typeof(identity), mod::Module, code::String, filename::String)
│        @ Base ./loading.jl:2076
│     [25] include_string
│        @ ./loading.jl:2086 [inlined]
│     [26] exec_options(opts::Base.JLOptions)
│        @ Base ./client.jl:316
│     [27] _start()
│        @ Base ./client.jl:552
└ @ Base loading.jl:1301

[pid 223943] waiting for IO to finish:
 Handle type        uv_handle_t->data
 timer              0x2bc3130->0x14d3ab5cbca0
This means that a package has started a background task or event source that has not finished running. For precompilation to complete successfully, the event source needs to be closed explicitly. See the developer documentation on fixing precompilation hangs for more help.

[pid 223943] waiting for IO to finish:
 Handle type        uv_handle_t->data
 timer              0x2bc3130->0x14d3ab5cbca0
This means that a package has started a background task or event source that has not finished running. For precompilation to complete successfully, the event source needs to be closed explicitly. See the developer documentation on fixing precompilation hangs for more help.
 Downloading artifact: CUDSS
┌ Warning: Module ArrayInterfaceCUDAExt with build ID fafbfcfd-8dcb-a865-0000-bb9b82e4b9fd is missing from the cache.
│ This may mean ArrayInterfaceCUDAExt [f78586ac-ba87-5ec7-b3a5-84bc1b258ee3] does not support precompilation but is imported by a module that does.
└ @ Base loading.jl:1948
┌ Error: Error during loading of extension ArrayInterfaceCUDAExt of ArrayInterface, use `Base.retry_load_extensions()` to retry.
│   exception =
│    1-element ExceptionStack:
│    Declaring __precompile__(false) is not allowed in files that are being precompiled.
│    Stacktrace:
│      [1] _require(pkg::Base.PkgId, env::Nothing)
│        @ Base ./loading.jl:1952
│      [2] __require_prelocked(uuidkey::Base.PkgId, env::Nothing)
│        @ Base ./loading.jl:1812
│      [3] #invoke_in_world#3
│        @ ./essentials.jl:926 [inlined]
│      [4] invoke_in_world
│        @ ./essentials.jl:923 [inlined]
│      [5] _require_prelocked
│        @ ./loading.jl:1803 [inlined]
│      [6] _require_prelocked
│        @ ./loading.jl:1802 [inlined]
│      [7] run_extension_callbacks(extid::Base.ExtensionId)
│        @ Base ./loading.jl:1295
│      [8] run_extension_callbacks(pkgid::Base.PkgId)
│        @ Base ./loading.jl:1330
│      [9] run_package_callbacks(modkey::Base.PkgId)
│        @ Base ./loading.jl:1164
│     [10] _tryrequire_from_serialized(modkey::Base.PkgId, path::String, ocachepath::String, sourcepath::String, depmods::Vector{Any})
│        @ Base ./loading.jl:1487
│     [11] _require_search_from_serialized(pkg::Base.PkgId, sourcepath::String, build_id::UInt128)
│        @ Base ./loading.jl:1574
│     [12] _require(pkg::Base.PkgId, env::String)
│        @ Base ./loading.jl:1938
│     [13] __require_prelocked(uuidkey::Base.PkgId, env::String)
│        @ Base ./loading.jl:1812
│     [14] #invoke_in_world#3
│        @ ./essentials.jl:926 [inlined]
│     [15] invoke_in_world
│        @ ./essentials.jl:923 [inlined]
│     [16] _require_prelocked(uuidkey::Base.PkgId, env::String)
│        @ Base ./loading.jl:1803
│     [17] macro expansion
│        @ ./loading.jl:1790 [inlined]
│     [18] macro expansion
│        @ ./lock.jl:267 [inlined]
│     [19] __require(into::Module, mod::Symbol)
│        @ Base ./loading.jl:1753
│     [20] #invoke_in_world#3
│        @ ./essentials.jl:926 [inlined]
│     [21] invoke_in_world
│        @ ./essentials.jl:923 [inlined]
│     [22] require(into::Module, mod::Symbol)
│        @ Base ./loading.jl:1746
│     [23] include
│        @ ./Base.jl:495 [inlined]
│     [24] include_package_for_output(pkg::Base.PkgId, input::String, depot_path::Vector{String}, dl_load_path::Vector{String}, load_path::Vector{String}, concrete_deps::Vector{Pair{Base.PkgId, UInt128}}, source::Nothing)
│        @ Base ./loading.jl:2222
│     [25] top-level scope
│        @ stdin:3
│     [26] eval
│        @ ./boot.jl:385 [inlined]
│     [27] include_string(mapexpr::typeof(identity), mod::Module, code::String, filename::String)
│        @ Base ./loading.jl:2076
│     [28] include_string
│        @ ./loading.jl:2086 [inlined]
│     [29] exec_options(opts::Base.JLOptions)
│        @ Base ./client.jl:316
│     [30] _start()
│        @ Base ./client.jl:552
└ @ Base loading.jl:1301
